<?xml version="1.0" encoding="UTF-8" ?>
<testsuite errors="0" failures="0" hostname="Svitlana-ПК" name="IntExecutorTest" skipped="0" tests="2" time="0.177" timestamp="2016-06-28T21:23:49">
  <properties>
    <property name="java.vendor" value="Oracle Corporation" />
    <property name="sun.java.launcher" value="SUN_STANDARD" />
    <property name="sun.management.compiler" value="HotSpot 64-Bit Tiered Compilers" />
    <property name="dist" value="D:\JAVA\ANT_MAVEN\ant\generics\dist" />
    <property name="lib" value="D:\JAVA\ANT_MAVEN\ant\generics\lib" />
    <property name="os.name" value="Windows 7" />
    <property name="sun.boot.class.path" value="C:\Program Files\Java\jdk1.8.0_92\jre\lib\resources.jar;C:\Program Files\Java\jdk1.8.0_92\jre\lib\rt.jar;C:\Program Files\Java\jdk1.8.0_92\jre\lib\sunrsasign.jar;C:\Program Files\Java\jdk1.8.0_92\jre\lib\jsse.jar;C:\Program Files\Java\jdk1.8.0_92\jre\lib\jce.jar;C:\Program Files\Java\jdk1.8.0_92\jre\lib\charsets.jar;C:\Program Files\Java\jdk1.8.0_92\jre\lib\jfr.jar;C:\Program Files\Java\jdk1.8.0_92\jre\classes" />
    <property name="test.build" value="D:\JAVA\ANT_MAVEN\ant\generics\test.build" />
    <property name="user.country.format" value="UA" />
    <property name="sun.desktop" value="windows" />
    <property name="java.vm.specification.vendor" value="Oracle Corporation" />
    <property name="ant.home" value="C:\Program Files\apache-ant-1.9.7-bin\apache-ant-1.9.7" />
    <property name="java.runtime.version" value="1.8.0_92-b14" />
    <property name="test.report" value="D:\JAVA\ANT_MAVEN\ant\generics\test.report" />
    <property name="ant.file.PlaneArea" value="D:\JAVA\ANT_MAVEN\ant\generics\build.xml" />
    <property name="user.name" value="Svitlana" />
    <property name="user.language.format" value="uk" />
    <property name="user.language" value="ru" />
    <property name="build" value="D:\JAVA\ANT_MAVEN\ant\generics\build" />
    <property name="sun.boot.library.path" value="C:\Program Files\Java\jdk1.8.0_92\jre\bin" />
    <property name="ant.project.name" value="PlaneArea" />
    <property name="java.version" value="1.8.0_92" />
    <property name="user.timezone" value="" />
    <property name="sun.arch.data.model" value="64" />
    <property name="java.endorsed.dirs" value="C:\Program Files\Java\jdk1.8.0_92\jre\lib\endorsed" />
    <property name="sun.cpu.isalist" value="amd64" />
    <property name="sun.jnu.encoding" value="Cp1251" />
    <property name="file.encoding.pkg" value="sun.io" />
    <property name="ant.file.type.PlaneArea" value="file" />
    <property name="file.separator" value="\" />
    <property name="java.specification.name" value="Java Platform API Specification" />
    <property name="java.class.version" value="52.0" />
    <property name="src" value="D:\JAVA\ANT_MAVEN\ant\generics\src" />
    <property name="user.country" value="RU" />
    <property name="java.home" value="C:\Program Files\Java\jdk1.8.0_92\jre" />
    <property name="java.vm.info" value="mixed mode" />
    <property name="ant.file" value="D:\JAVA\ANT_MAVEN\ant\generics\build.xml" />
    <property name="os.version" value="6.1" />
    <property name="path.separator" value=";" />
    <property name="java.vm.version" value="25.92-b14" />
    <property name="user.variant" value="" />
    <property name="ant.library.dir" value="C:\Program Files\apache-ant-1.9.7-bin\apache-ant-1.9.7\lib" />
    <property name="java.awt.printerjob" value="sun.awt.windows.WPrinterJob" />
    <property name="sun.io.unicode.encoding" value="UnicodeLittle" />
    <property name="awt.toolkit" value="sun.awt.windows.WToolkit" />
    <property name="sun.stdout.encoding" value="cp866" />
    <property name="user.script" value="" />
    <property name="user.home" value="C:\Users\Svitlana" />
    <property name="java.specification.vendor" value="Oracle Corporation" />
    <property name="java.library.path" value="C:\Program Files\Java\jdk1.8.0_92\bin;C:\Windows\Sun\Java\bin;C:\Windows\system32;C:\Windows;%JAVA_HOME%/bin;C:\Program Files\apache-maven-3.3.9/bin;C:\Program Files\apache-ant-1.9.7-bin\apache-ant-1.9.7/bin;C:\ProgramData\Oracle\Java\javapath;C:\Windows\system32;C:\Windows;C:\Windows\System32\Wbem;C:\Windows\System32\WindowsPowerShell\v1.0\;C:\Program Files (x86)\ATI Technologies\ATI.ACE\Core-Static;C:\Program Files (x86)\Skype\Phone\;C:\Program Files\Git\cmd;." />
    <property name="java.vendor.url" value="http://java.oracle.com/" />
    <property name="java.vm.vendor" value="Oracle Corporation" />
    <property name="java.runtime.name" value="Java(TM) SE Runtime Environment" />
    <property name="sun.java.command" value="org.apache.tools.ant.launch.Launcher junit" />
    <property name="java.class.path" value="C:\Program Files\apache-ant-1.9.7-bin\apache-ant-1.9.7\lib\ant-launcher.jar;C:\Program Files\apache-ant-1.9.7-bin\apache-ant-1.9.7\lib\ant-antlr.jar;C:\Program Files\apache-ant-1.9.7-bin\apache-ant-1.9.7\lib\ant-apache-bcel.jar;C:\Program Files\apache-ant-1.9.7-bin\apache-ant-1.9.7\lib\ant-apache-bsf.jar;C:\Program Files\apache-ant-1.9.7-bin\apache-ant-1.9.7\lib\ant-apache-log4j.jar;C:\Program Files\apache-ant-1.9.7-bin\apache-ant-1.9.7\lib\ant-apache-oro.jar;C:\Program Files\apache-ant-1.9.7-bin\apache-ant-1.9.7\lib\ant-apache-regexp.jar;C:\Program Files\apache-ant-1.9.7-bin\apache-ant-1.9.7\lib\ant-apache-resolver.jar;C:\Program Files\apache-ant-1.9.7-bin\apache-ant-1.9.7\lib\ant-apache-xalan2.jar;C:\Program Files\apache-ant-1.9.7-bin\apache-ant-1.9.7\lib\ant-commons-logging.jar;C:\Program Files\apache-ant-1.9.7-bin\apache-ant-1.9.7\lib\ant-commons-net.jar;C:\Program Files\apache-ant-1.9.7-bin\apache-ant-1.9.7\lib\ant-jai.jar;C:\Program Files\apache-ant-1.9.7-bin\apache-ant-1.9.7\lib\ant-javamail.jar;C:\Program Files\apache-ant-1.9.7-bin\apache-ant-1.9.7\lib\ant-jdepend.jar;C:\Program Files\apache-ant-1.9.7-bin\apache-ant-1.9.7\lib\ant-jmf.jar;C:\Program Files\apache-ant-1.9.7-bin\apache-ant-1.9.7\lib\ant-jsch.jar;C:\Program Files\apache-ant-1.9.7-bin\apache-ant-1.9.7\lib\ant-junit.jar;C:\Program Files\apache-ant-1.9.7-bin\apache-ant-1.9.7\lib\ant-junit4.jar;C:\Program Files\apache-ant-1.9.7-bin\apache-ant-1.9.7\lib\ant-launcher.jar;C:\Program Files\apache-ant-1.9.7-bin\apache-ant-1.9.7\lib\ant-netrexx.jar;C:\Program Files\apache-ant-1.9.7-bin\apache-ant-1.9.7\lib\ant-swing.jar;C:\Program Files\apache-ant-1.9.7-bin\apache-ant-1.9.7\lib\ant-testutil.jar;C:\Program Files\apache-ant-1.9.7-bin\apache-ant-1.9.7\lib\ant.jar;C:\Program Files\Java\jdk1.8.0_92\lib\tools.jar" />
    <property name="ant.version" value="Apache Ant(TM) version 1.9.7 compiled on April 9 2016" />
    <property name="java.vm.specification.name" value="Java Virtual Machine Specification" />
    <property name="ant.file.type" value="file" />
    <property name="java.vm.specification.version" value="1.8" />
    <property name="sun.cpu.endian" value="little" />
    <property name="sun.os.patch.level" value="Service Pack 1" />
    <property name="java.io.tmpdir" value="C:\Users\Svitlana\AppData\Local\Temp\" />
    <property name="test.src" value="D:\JAVA\ANT_MAVEN\ant\generics\test" />
    <property name="java.vendor.url.bug" value="http://bugreport.sun.com/bugreport/" />
    <property name="os.arch" value="amd64" />
    <property name="java.awt.graphicsenv" value="sun.awt.Win32GraphicsEnvironment" />
    <property name="java.ext.dirs" value="C:\Program Files\Java\jdk1.8.0_92\jre\lib\ext;C:\Windows\Sun\Java\lib\ext" />
    <property name="user.dir" value="D:\JAVA\ANT_MAVEN\ant\generics" />
    <property name="line.separator" value="&#xd;&#xa;" />
    <property name="java.vm.name" value="Java HotSpot(TM) 64-Bit Server VM" />
    <property name="basedir" value="D:\JAVA\ANT_MAVEN\ant\generics" />
    <property name="ant.java.version" value="1.8" />
    <property name="ant.core.lib" value="C:\Program Files\apache-ant-1.9.7-bin\apache-ant-1.9.7\lib\ant.jar" />
    <property name="sun.stderr.encoding" value="cp866" />
    <property name="file.encoding" value="Cp1251" />
    <property name="java.specification.version" value="1.8" />
    <property name="ant.project.invoked-targets" value="junit" />
  </properties>
  <testcase classname="IntExecutorTest" name="testName2" time="0.01" />
  <testcase classname="IntExecutorTest" name="testGetValidResults" time="0.001" />
  <system-out><![CDATA[]]></system-out>
  <system-err><![CDATA[]]></system-err>
</testsuite>
